2019-12-12 12:06:24,773 INFO - root - Initialising application
2019-12-12 12:06:24,796 INFO - root - Initialise global hotkeys
2019-12-12 12:06:24,797 INFO - config-manager - No configuration found - creating new one
2019-12-12 12:06:24,806 INFO - config-manager - Configuration changed - rebuilding in-memory structures
2019-12-12 12:06:24,807 INFO - config-manager - Persisting configuration
2019-12-12 12:06:24,808 INFO - config-manager - Finished persisting configuration - no errors
2019-12-12 12:06:24,809 INFO - service - Starting service
2019-12-12 12:06:25,044 INFO - interface - XRecord interface thread starting
2019-12-12 12:06:25,045 INFO - service - Service now marked as running
2019-12-12 12:06:25,120 INFO - root - Entering main()
2019-12-12 12:06:31,996 INFO - root - Displaying configuration window
2019-12-12 12:07:07,748 INFO - config-manager - Configuration changed - rebuilding in-memory structures
2019-12-12 12:07:16,947 INFO - config-manager - Configuration changed - rebuilding in-memory structures
2019-12-12 12:07:16,948 INFO - config-manager - Persisting configuration
2019-12-12 12:07:16,949 INFO - config-manager - Backing up existing config file
2019-12-12 12:07:16,951 INFO - config-manager - Finished persisting configuration - no errors
2019-12-12 12:08:38,276 INFO - root - Displaying configuration window
2019-12-12 12:10:35,123 INFO - config-manager - Configuration changed - rebuilding in-memory structures
2019-12-12 12:10:38,042 INFO - service - Matched hotkey phrase/script with prompt=False
2019-12-12 12:10:43,499 INFO - service - Matched hotkey phrase/script with prompt=False
2019-12-12 12:10:48,763 INFO - config-manager - Configuration changed - rebuilding in-memory structures
2019-12-12 12:10:48,764 INFO - config-manager - Persisting configuration
2019-12-12 12:10:48,765 INFO - config-manager - Backing up existing config file
2019-12-12 12:10:48,768 INFO - config-manager - Finished persisting configuration - no errors
2019-12-12 12:10:55,389 INFO - service - Matched hotkey phrase/script with prompt=False
2019-12-12 12:10:58,763 INFO - service - Matched hotkey phrase/script with prompt=False
2019-12-12 13:13:29,669 INFO - service - Matched hotkey phrase/script with prompt=False
2019-12-12 13:13:41,185 INFO - service - Matched hotkey phrase/script with prompt=False
2019-12-12 13:14:46,093 INFO - service - Matched hotkey phrase/script with prompt=False
2019-12-12 13:14:57,305 INFO - service - Matched hotkey phrase/script with prompt=False
2019-12-12 13:15:45,705 INFO - service - Matched hotkey phrase/script with prompt=False
2019-12-12 13:15:55,204 INFO - service - Matched hotkey phrase/script with prompt=False
2019-12-12 13:17:31,514 INFO - service - Matched hotkey phrase/script with prompt=False
2019-12-12 13:18:25,372 INFO - service - Matched hotkey phrase/script with prompt=False
2019-12-12 13:18:52,774 INFO - service - Matched hotkey phrase/script with prompt=False
2019-12-12 13:20:07,609 INFO - service - Matched hotkey phrase/script with prompt=False
2019-12-12 13:28:17,188 INFO - service - Matched hotkey phrase/script with prompt=False
2019-12-12 13:28:28,468 INFO - service - Matched hotkey phrase/script with prompt=False
2019-12-12 13:28:50,924 INFO - service - Matched hotkey phrase/script with prompt=False
2019-12-12 13:48:04,369 INFO - service - Matched hotkey phrase/script with prompt=False
2019-12-12 13:48:20,996 INFO - service - Matched hotkey phrase/script with prompt=False
2019-12-12 13:49:16,376 INFO - service - Matched hotkey phrase/script with prompt=False
2019-12-12 13:49:31,597 INFO - service - Matched hotkey phrase/script with prompt=False
2019-12-12 13:50:37,046 INFO - service - Matched hotkey phrase/script with prompt=False
2019-12-12 13:50:48,424 INFO - service - Matched hotkey phrase/script with prompt=False
2019-12-12 13:51:02,773 INFO - service - Matched hotkey phrase/script with prompt=False
2019-12-12 13:52:41,409 INFO - service - Matched hotkey phrase/script with prompt=False
2019-12-12 13:54:33,241 INFO - service - Matched hotkey phrase/script with prompt=False
2019-12-12 13:55:25,707 INFO - service - Matched hotkey phrase/script with prompt=False
2019-12-12 13:55:32,395 INFO - service - Matched hotkey phrase/script with prompt=False
2019-12-12 13:55:43,927 INFO - service - Matched hotkey phrase/script with prompt=False
