Desktop is 1920 x 1080 @ 60 Hz
Initialize engine version: 2019.1.14f1 (148b5891095a)
GfxDevice: creating device client; threaded=1
Renderer: Mesa Intel(R) UHD Graphics 620 (KBL GT2)
Vendor:   Intel
Version:  4.6 (Core Profile) Mesa 20.2.0-devel (git-a885ee5 2020-05-08 bionic-oibaf-ppa)
GLES:     0
 GL_3DFX_texture_compression_FXT1 GL_AMD_conservative_depth GL_AMD_depth_clamp_separate GL_AMD_draw_buffers_blend GL_AMD_gpu_shader_int64 GL_AMD_multi_draw_indirect GL_AMD_performance_monitor GL_AMD_pinned_memory GL_AMD_query_buffer_object GL_AMD_seamless_cubemap_per_texture GL_AMD_shader_stencil_export GL_AMD_shader_trinary_minmax GL_AMD_texture_texture4 GL_AMD_vertex_shader_layer GL_AMD_vertex_shader_viewport_index GL_ANGLE_texture_compression_dxt3 GL_ANGLE_texture_compression_dxt5 GL_ARB_ES2_compatibility GL_ARB_ES3_1_compatibility GL_ARB_ES3_2_compatibility GL_ARB_ES3_compatibility GL_ARB_arrays_of_arrays GL_ARB_base_instance GL_ARB_blend_func_extended GL_ARB_buffer_storage GL_ARB_clear_buffer_object GL_ARB_clear_texture GL_ARB_clip_control GL_ARB_compressed_texture_pixel_storage GL_ARB_compute_shader GL_ARB_compute_variable_group_size GL_ARB_conditional_render_inverted GL_ARB_conservative_depth GL_ARB_copy_buffer GL_ARB_copy_image GL_ARB_cull_distance GL_ARB_debug_output GL_ARB_depth_buffer_float GL_ARB
_depth_clamp GL_ARB_derivative_control GL_ARB_direct_state_access GL_ARB_draw_buffers GL_ARB_draw_buffers_blend GL_ARB_draw_elements_base_vertex GL_ARB_draw_indirect GL_ARB_draw_instanced GL_ARB_enhanced_layouts GL_ARB_explicit_attrib_location GL_ARB_explicit_uniform_location GL_ARB_fragment_coord_conventions GL_ARB_fragment_layer_viewport GL_ARB_fragment_shader GL_ARB_fragment_shader_interlock GL_ARB_framebuffer_no_attachments GL_ARB_framebuffer_object GL_ARB_framebuffer_sRGB GL_ARB_get_program_binary GL_ARB_get_texture_sub_image GL_ARB_gl_spirv GL_ARB_gpu_shader5 GL_ARB_gpu_shader_fp64 GL_ARB_gpu_shader_int64 GL_ARB_half_float_pixel GL_ARB_half_float_vertex GL_ARB_indirect_parameters GL_ARB_instanced_arrays GL_ARB_internalformat_query GL_ARB_internalformat_query2 GL_ARB_invalidate_subdata GL_ARB_map_buffer_alignment GL_ARB_map_buffer_range GL_ARB_multi_bind GL_ARB_multi_draw_indirect GL_ARB_occlusion_query2 GL_ARB_parallel_shader_compile GL_ARB_pipeline_statistics_query GL_ARB_pixel_buffer_object GL_ARB_po
int_sprite GL_ARB_polygon_offset_clamp GL_ARB_post_depth_coverage GL_ARB_program_interface_query GL_ARB_provoking_vertex GL_ARB_query_buffer_object GL_ARB_robust_buffer_access_behavior GL_ARB_robustness GL_ARB_sample_shading GL_ARB_sampler_objects GL_ARB_seamless_cube_map GL_ARB_seamless_cubemap_per_texture GL_ARB_separate_shader_objects GL_ARB_shader_atomic_counter_ops GL_ARB_shader_atomic_counters GL_ARB_shader_ballot GL_ARB_shader_bit_encoding GL_ARB_shader_clock GL_ARB_shader_draw_parameters GL_ARB_shader_group_vote GL_ARB_shader_image_load_store GL_ARB_shader_image_size GL_ARB_shader_objects GL_ARB_shader_precision GL_ARB_shader_stencil_export GL_ARB_shader_storage_buffer_object GL_ARB_shader_subroutine GL_ARB_shader_texture_image_samples GL_ARB_shader_texture_lod GL_ARB_shader_viewport_layer_array GL_ARB_shading_language_420pack GL_ARB_shading_language_include GL_ARB_shading_language_packing GL_ARB_spirv_extensions GL_ARB_stencil_texturing GL_ARB_sync GL_ARB_tessellation_shader GL_ARB_texture_barrier G
L_ARB_texture_buffer_object GL_ARB_texture_buffer_object_rgb32 GL_ARB_texture_buffer_range GL_ARB_texture_compression_bptc GL_ARB_texture_compression_rgtc GL_ARB_texture_cube_map_array GL_ARB_texture_filter_anisotropic GL_ARB_texture_float GL_ARB_texture_gather GL_ARB_texture_mirror_clamp_to_edge GL_ARB_texture_multisample GL_ARB_texture_non_power_of_two GL_ARB_texture_query_levels GL_ARB_texture_query_lod GL_ARB_texture_rectangle GL_ARB_texture_rg GL_ARB_texture_rgb10_a2ui GL_ARB_texture_stencil8 GL_ARB_texture_storage GL_ARB_texture_storage_multisample GL_ARB_texture_swizzle GL_ARB_texture_view GL_ARB_timer_query GL_ARB_transform_feedback2 GL_ARB_transform_feedback3 GL_ARB_transform_feedback_instanced GL_ARB_transform_feedback_overflow_query GL_ARB_uniform_buffer_object GL_ARB_vertex_array_bgra GL_ARB_vertex_array_object GL_ARB_vertex_attrib_64bit GL_ARB_vertex_attrib_binding GL_ARB_vertex_buffer_object GL_ARB_vertex_shader GL_ARB_vertex_type_10f_11f_11f_rev GL_ARB_vertex_type_2_10_10_10_rev GL_ARB_viewpor
t_array GL_ATI_blend_equation_separate GL_ATI_texture_float GL_EXT_EGL_image_storage GL_EXT_EGL_sync GL_EXT_abgr GL_EXT_blend_equation_separate GL_EXT_demote_to_helper_invocation GL_EXT_draw_buffers2 GL_EXT_draw_instanced GL_EXT_framebuffer_blit GL_EXT_framebuffer_multisample GL_EXT_framebuffer_multisample_blit_scaled GL_EXT_framebuffer_object GL_EXT_framebuffer_sRGB GL_EXT_packed_depth_stencil GL_EXT_packed_float GL_EXT_pixel_buffer_object GL_EXT_polygon_offset_clamp GL_EXT_provoking_vertex GL_EXT_shader_framebuffer_fetch GL_EXT_shader_framebuffer_fetch_non_coherent GL_EXT_shader_integer_mix GL_EXT_shader_samples_identical GL_EXT_texture_array GL_EXT_texture_compression_dxt1 GL_EXT_texture_compression_rgtc GL_EXT_texture_compression_s3tc GL_EXT_texture_filter_anisotropic GL_EXT_texture_integer GL_EXT_texture_sRGB GL_EXT_texture_sRGB_R8 GL_EXT_texture_sRGB_decode GL_EXT_texture_shadow_lod GL_EXT_texture_shared_exponent GL_EXT_texture_snorm GL_EXT_texture_swizzle GL_EXT_timer_query GL_EXT_transform_feedback G
L_EXT_vertex_array_bgra GL_EXT_vertex_attrib_64bit GL_IBM_multimode_draw_arrays GL_INTEL_blackhole_render GL_INTEL_conservative_rasterization GL_INTEL_performance_query GL_INTEL_shader_atomic_float_minmax GL_INTEL_shader_integer_functions2 GL_KHR_blend_equation_advanced GL_KHR_blend_equation_advanced_coherent GL_KHR_context_flush_control GL_KHR_debug GL_KHR_no_error GL_KHR_parallel_shader_compile GL_KHR_robust_buffer_access_behavior GL_KHR_robustness GL_KHR_texture_compression_astc_ldr GL_KHR_texture_compression_astc_sliced_3d GL_MESA_framebuffer_flip_y GL_MESA_pack_invert GL_MESA_shader_integer_functions GL_MESA_texture_signed_rgba GL_NV_compute_shader_derivatives GL_NV_conditional_render GL_NV_copy_image GL_NV_depth_clamp GL_NV_fragment_shader_interlock GL_NV_packed_depth_stencil GL_NV_texture_barrier GL_OES_EGL_image GL_S3_s3tc
OPENGL LOG: Creating OpenGL 4.6 graphics device ; Context level  <OpenGL 4.5> ; Context handle 62590208
Begin MonoManager ReloadAssembly
- Completed reload, in  0.080 seconds
Default vsync count 0
requesting resize 1024 x 768
requesting fullscreen 1024 x 768 at 0 Hz
Setting up downscaled viewport at 1024 x 768
Desktop is 1920 x 1080 @ 60 Hz
UnloadTime: 2.108425 ms
Unloading 4 Unused Serialized files (Serialized files now loaded: 0)
UnloadTime: 0.566910 ms
------------ACHIVKI ACTIVIROVANI-------------------
 
(Filename: ./Runtime/Export/Debug/Debug.bindings.h Line: 48)


Unloading 15 unused Assets to reduce memory usage. Loaded Objects now: 808.
Total: 1.148014 ms (FindLiveObjects: 0.436855 ms CreateObjectMapping: 0.057390 ms MarkObjects: 0.561320 ms  DeleteObjects: 0.081623 ms)

------------POLUCHILI STATI-------------------
 
(Filename: ./Runtime/Export/Debug/Debug.bindings.h Line: 48)

Unloading 5 Unused Serialized files (Serialized files now loaded: 0)
UnloadTime: 0.509463 ms

Unloading 68 unused Assets to reduce memory usage. Loaded Objects now: 1053.
Total: 1.752709 ms (FindLiveObjects: 0.795462 ms CreateObjectMapping: 0.067267 ms MarkObjects: 0.531935 ms  DeleteObjects: 0.352456 ms)

Unloading 7 Unused Serialized files (Serialized files now loaded: 0)
UnloadTime: 0.448213 ms

Unloading 77 unused Assets to reduce memory usage. Loaded Objects now: 2035.
Total: 1.247864 ms (FindLiveObjects: 0.444278 ms CreateObjectMapping: 0.085328 ms MarkObjects: 0.543331 ms  DeleteObjects: 0.167455 ms)

Unloading 8 Unused Serialized files (Serialized files now loaded: 0)
UnloadTime: 44.016968 ms

Unloading 314 unused Assets to reduce memory usage. Loaded Objects now: 1168.
Total: 1.128346 ms (FindLiveObjects: 0.316608 ms CreateObjectMapping: 0.040305 ms MarkObjects: 0.267173 ms  DeleteObjects: 0.500432 ms)

Unloading 6 Unused Serialized files (Serialized files now loaded: 0)
UnloadTime: 0.577439 ms

Unloading 41 unused Assets to reduce memory usage. Loaded Objects now: 2034.
Total: 1.274006 ms (FindLiveObjects: 0.444176 ms CreateObjectMapping: 0.046039 ms MarkObjects: 0.648248 ms  DeleteObjects: 0.132049 ms)

Unloading 8 Unused Serialized files (Serialized files now loaded: 0)
UnloadTime: 29.131528 ms

Unloading 314 unused Assets to reduce memory usage. Loaded Objects now: 1168.
Total: 1.283919 ms (FindLiveObjects: 0.383760 ms CreateObjectMapping: 0.039450 ms MarkObjects: 0.249841 ms  DeleteObjects: 0.606885 ms)

Unloading 4 Unused Serialized files (Serialized files now loaded: 0)
UnloadTime: 0.999823 ms

Unloading 64 unused Assets to reduce memory usage. Loaded Objects now: 1548.
Total: 0.862714 ms (FindLiveObjects: 0.305928 ms CreateObjectMapping: 0.073258 ms MarkObjects: 0.344680 ms  DeleteObjects: 0.135113 ms)

Unloading 6 Unused Serialized files (Serialized files now loaded: 0)
UnloadTime: 1.872697 ms

Unloading 247 unused Assets to reduce memory usage. Loaded Objects now: 1665.
Total: 1.394745 ms (FindLiveObjects: 0.347735 ms CreateObjectMapping: 0.108057 ms MarkObjects: 0.480895 ms  DeleteObjects: 0.453450 ms)

Unloading 6 Unused Serialized files (Serialized files now loaded: 0)
UnloadTime: 0.907457 ms

Unloading 87 unused Assets to reduce memory usage. Loaded Objects now: 2018.
Total: 1.134385 ms (FindLiveObjects: 0.436524 ms CreateObjectMapping: 0.051187 ms MarkObjects: 0.504817 ms  DeleteObjects: 0.138517 ms)

Unloading 4 Unused Serialized files (Serialized files now loaded: 0)
UnloadTime: 28.685985 ms

Unloading 326 unused Assets to reduce memory usage. Loaded Objects now: 1548.
Total: 1.208503 ms (FindLiveObjects: 0.292718 ms CreateObjectMapping: 0.051337 ms MarkObjects: 0.387418 ms  DeleteObjects: 0.473620 ms)

Unloading 6 Unused Serialized files (Serialized files now loaded: 0)
UnloadTime: 2.166296 ms

Unloading 247 unused Assets to reduce memory usage. Loaded Objects now: 1665.
Total: 1.363994 ms (FindLiveObjects: 0.352184 ms CreateObjectMapping: 0.053800 ms MarkObjects: 0.580862 ms  DeleteObjects: 0.372330 ms)

Unloading 6 Unused Serialized files (Serialized files now loaded: 0)
UnloadTime: 2.959159 ms

Unloading 87 unused Assets to reduce memory usage. Loaded Objects now: 2018.
Total: 1.084802 ms (FindLiveObjects: 0.405374 ms CreateObjectMapping: 0.053731 ms MarkObjects: 0.512653 ms  DeleteObjects: 0.109747 ms)

Unloading 6 Unused Serialized files (Serialized files now loaded: 0)
UnloadTime: 44.233735 ms

Unloading 336 unused Assets to reduce memory usage. Loaded Objects now: 1082.
Total: 3.203069 ms (FindLiveObjects: 0.518429 ms CreateObjectMapping: 0.098987 ms MarkObjects: 0.781708 ms  DeleteObjects: 1.791893 ms)

Unloading 7 Unused Serialized files (Serialized files now loaded: 0)
UnloadTime: 0.915054 ms

Unloading 7 unused Assets to reduce memory usage. Loaded Objects now: 1017.
Total: 0.696435 ms (FindLiveObjects: 0.276178 ms CreateObjectMapping: 0.028610 ms MarkObjects: 0.357308 ms  DeleteObjects: 0.030872 ms)

Unloading 6 Unused Serialized files (Serialized files now loaded: 0)
UnloadTime: 0.293561 ms

Unloading 185 unused Assets to reduce memory usage. Loaded Objects now: 2018.
Total: 2.411969 ms (FindLiveObjects: 0.613472 ms CreateObjectMapping: 0.115297 ms MarkObjects: 1.040171 ms  DeleteObjects: 0.631543 ms)

Unloading 6 Unused Serialized files (Serialized files now loaded: 0)
UnloadTime: 46.981922 ms

Unloading 337 unused Assets to reduce memory usage. Loaded Objects now: 1088.
Total: 1.337026 ms (FindLiveObjects: 0.347879 ms CreateObjectMapping: 0.039503 ms MarkObjects: 0.337985 ms  DeleteObjects: 0.604492 ms)

Unloading 7 Unused Serialized files (Serialized files now loaded: 0)
UnloadTime: 0.875408 ms

Unloading 7 unused Assets to reduce memory usage. Loaded Objects now: 1017.
Total: 1.597047 ms (FindLiveObjects: 0.601796 ms CreateObjectMapping: 0.083542 ms MarkObjects: 0.802500 ms  DeleteObjects: 0.095429 ms)

Unloading 6 Unused Serialized files (Serialized files now loaded: 0)
UnloadTime: 0.813390 ms

Unloading 185 unused Assets to reduce memory usage. Loaded Objects now: 2018.
Total: 3.066498 ms (FindLiveObjects: 0.809061 ms CreateObjectMapping: 0.119665 ms MarkObjects: 1.291292 ms  DeleteObjects: 0.832446 ms)

Unloading 6 Unused Serialized files (Serialized files now loaded: 0)
UnloadTime: 48.143100 ms

Unloading 337 unused Assets to reduce memory usage. Loaded Objects now: 1088.
Total: 1.481260 ms (FindLiveObjects: 0.298570 ms CreateObjectMapping: 0.041324 ms MarkObjects: 0.412224 ms  DeleteObjects: 0.725306 ms)

Unloading 7 Unused Serialized files (Serialized files now loaded: 0)
UnloadTime: 0.904137 ms

Unloading 7 unused Assets to reduce memory usage. Loaded Objects now: 1017.
Total: 1.473853 ms (FindLiveObjects: 0.528351 ms CreateObjectMapping: 0.085186 ms MarkObjects: 0.760493 ms  DeleteObjects: 0.086978 ms)

Unloading 6 Unused Serialized files (Serialized files now loaded: 0)
UnloadTime: 0.743262 ms

Unloading 185 unused Assets to reduce memory usage. Loaded Objects now: 2018.
Total: 2.947930 ms (FindLiveObjects: 0.706817 ms CreateObjectMapping: 0.129186 ms MarkObjects: 1.455792 ms  DeleteObjects: 0.644028 ms)

Unloading 6 Unused Serialized files (Serialized files now loaded: 0)
UnloadTime: 24.823419 ms

Unloading 335 unused Assets to reduce memory usage. Loaded Objects now: 1665.
Total: 1.685422 ms (FindLiveObjects: 0.473358 ms CreateObjectMapping: 0.078974 ms MarkObjects: 0.502594 ms  DeleteObjects: 0.626886 ms)

Unloading 6 Unused Serialized files (Serialized files now loaded: 0)
UnloadTime: 0.850558 ms

Unloading 87 unused Assets to reduce memory usage. Loaded Objects now: 2018.
Total: 1.009712 ms (FindLiveObjects: 0.398961 ms CreateObjectMapping: 0.058579 ms MarkObjects: 0.439404 ms  DeleteObjects: 0.109149 ms)

Unloading 6 Unused Serialized files (Serialized files now loaded: 0)
UnloadTime: 42.311963 ms

Unloading 334 unused Assets to reduce memory usage. Loaded Objects now: 1665.
Total: 1.482843 ms (FindLiveObjects: 0.387962 ms CreateObjectMapping: 0.056683 ms MarkObjects: 0.353432 ms  DeleteObjects: 0.680694 ms)

Unloading 6 Unused Serialized files (Serialized files now loaded: 0)
UnloadTime: 0.891986 ms

Unloading 87 unused Assets to reduce memory usage. Loaded Objects now: 2018.
Total: 1.230420 ms (FindLiveObjects: 0.524747 ms CreateObjectMapping: 0.053947 ms MarkObjects: 0.511462 ms  DeleteObjects: 0.136735 ms)

Unloading 6 Unused Serialized files (Serialized files now loaded: 0)
UnloadTime: 32.604696 ms

Unloading 334 unused Assets to reduce memory usage. Loaded Objects now: 1665.
Total: 1.470979 ms (FindLiveObjects: 0.323485 ms CreateObjectMapping: 0.056024 ms MarkObjects: 0.373497 ms  DeleteObjects: 0.713869 ms)

Unloading 6 Unused Serialized files (Serialized files now loaded: 0)
UnloadTime: 0.820347 ms

Unloading 87 unused Assets to reduce memory usage. Loaded Objects now: 2018.
Total: 1.284203 ms (FindLiveObjects: 0.421503 ms CreateObjectMapping: 0.049959 ms MarkObjects: 0.689824 ms  DeleteObjects: 0.119781 ms)

Unloading 6 Unused Serialized files (Serialized files now loaded: 0)
UnloadTime: 45.795843 ms

Unloading 377 unused Assets to reduce memory usage. Loaded Objects now: 865.
Total: 1.346023 ms (FindLiveObjects: 0.376117 ms CreateObjectMapping: 0.044210 ms MarkObjects: 0.188950 ms  DeleteObjects: 0.733320 ms)

Unloading 6 Unused Serialized files (Serialized files now loaded: 0)
UnloadTime: 0.370220 ms

Unloading 15 unused Assets to reduce memory usage. Loaded Objects now: 2016.
Total: 0.895256 ms (FindLiveObjects: 0.291512 ms CreateObjectMapping: 0.038414 ms MarkObjects: 0.522878 ms  DeleteObjects: 0.038960 ms)

Unloading 6 Unused Serialized files (Serialized files now loaded: 0)
UnloadTime: 48.670770 ms

Unloading 374 unused Assets to reduce memory usage. Loaded Objects now: 759.
Total: 2.172705 ms (FindLiveObjects: 0.422766 ms CreateObjectMapping: 0.056531 ms MarkObjects: 0.353896 ms  DeleteObjects: 1.335649 ms)

Unloading 6 Unused Serialized files (Serialized files now loaded: 0)
UnloadTime: 0.302359 ms

Unloading 9 unused Assets to reduce memory usage. Loaded Objects now: 2024.
Total: 0.692828 ms (FindLiveObjects: 0.288140 ms CreateObjectMapping: 0.035142 ms MarkObjects: 0.337551 ms  DeleteObjects: 0.027875 ms)

Unloading 6 Unused Serialized files (Serialized files now loaded: 0)
UnloadTime: 41.052125 ms

Unloading 371 unused Assets to reduce memory usage. Loaded Objects now: 759.
Total: 1.860373 ms (FindLiveObjects: 0.482259 ms CreateObjectMapping: 0.041441 ms MarkObjects: 0.265351 ms  DeleteObjects: 1.067637 ms)

Unloading 6 Unused Serialized files (Serialized files now loaded: 0)
UnloadTime: 0.755310 ms

Unloading 9 unused Assets to reduce memory usage. Loaded Objects now: 2024.
Total: 1.160294 ms (FindLiveObjects: 0.406000 ms CreateObjectMapping: 0.060917 ms MarkObjects: 0.651906 ms  DeleteObjects: 0.037864 ms)

Unloading 6 Unused Serialized files (Serialized files now loaded: 0)
UnloadTime: 28.124357 ms

Unloading 371 unused Assets to reduce memory usage. Loaded Objects now: 759.
Total: 1.591947 ms (FindLiveObjects: 0.352700 ms CreateObjectMapping: 0.054340 ms MarkObjects: 0.289127 ms  DeleteObjects: 0.891955 ms)

Unloading 6 Unused Serialized files (Serialized files now loaded: 0)
UnloadTime: 0.310656 ms

Unloading 9 unused Assets to reduce memory usage. Loaded Objects now: 2024.
Total: 1.096314 ms (FindLiveObjects: 0.379176 ms CreateObjectMapping: 0.040684 ms MarkObjects: 0.611271 ms  DeleteObjects: 0.062065 ms)

Unloading 6 Unused Serialized files (Serialized files now loaded: 0)
UnloadTime: 46.433953 ms

Unloading 334 unused Assets to reduce memory usage. Loaded Objects now: 1663.
Total: 1.400092 ms (FindLiveObjects: 0.322205 ms CreateObjectMapping: 0.090105 ms MarkObjects: 0.374134 ms  DeleteObjects: 0.609896 ms)

Unloading 6 Unused Serialized files (Serialized files now loaded: 0)
UnloadTime: 0.894091 ms

Unloading 87 unused Assets to reduce memory usage. Loaded Objects now: 2016.
Total: 1.113626 ms (FindLiveObjects: 0.406411 ms CreateObjectMapping: 0.050593 ms MarkObjects: 0.486838 ms  DeleteObjects: 0.165890 ms)

Unloading 6 Unused Serialized files (Serialized files now loaded: 0)
UnloadTime: 51.171286 ms

Unloading 337 unused Assets to reduce memory usage. Loaded Objects now: 1088.
Total: 1.365388 ms (FindLiveObjects: 0.280021 ms CreateObjectMapping: 0.038724 ms MarkObjects: 0.397076 ms  DeleteObjects: 0.646444 ms)

Unloading 7 Unused Serialized files (Serialized files now loaded: 0)
UnloadTime: 0.914837 ms

Unloading 7 unused Assets to reduce memory usage. Loaded Objects now: 1017.
Total: 1.639057 ms (FindLiveObjects: 0.517338 ms CreateObjectMapping: 0.079113 ms MarkObjects: 0.939625 ms  DeleteObjects: 0.089812 ms)

Unloading 6 Unused Serialized files (Serialized files now loaded: 0)
UnloadTime: 0.581527 ms

Unloading 185 unused Assets to reduce memory usage. Loaded Objects now: 2018.
Total: 2.762349 ms (FindLiveObjects: 0.658126 ms CreateObjectMapping: 0.153195 ms MarkObjects: 1.277792 ms  DeleteObjects: 0.661109 ms)

Unloading 6 Unused Serialized files (Serialized files now loaded: 0)
UnloadTime: 28.823864 ms

Unloading 374 unused Assets to reduce memory usage. Loaded Objects now: 759.
Total: 1.410071 ms (FindLiveObjects: 0.315559 ms CreateObjectMapping: 0.051618 ms MarkObjects: 0.192488 ms  DeleteObjects: 0.846841 ms)

Unloading 6 Unused Serialized files (Serialized files now loaded: 0)
UnloadTime: 0.467722 ms

Unloading 9 unused Assets to reduce memory usage. Loaded Objects now: 2016.
Total: 1.179118 ms (FindLiveObjects: 0.529384 ms CreateObjectMapping: 0.050922 ms MarkObjects: 0.560964 ms  DeleteObjects: 0.034464 ms)

Unloading 6 Unused Serialized files (Serialized files now loaded: 0)
UnloadTime: 47.315969 ms

Unloading 337 unused Assets to reduce memory usage. Loaded Objects now: 1088.
Total: 4.016796 ms (FindLiveObjects: 0.558621 ms CreateObjectMapping: 0.101440 ms MarkObjects: 0.751449 ms  DeleteObjects: 2.592886 ms)

Unloading 7 Unused Serialized files (Serialized files now loaded: 0)
UnloadTime: 0.935775 ms

Unloading 7 unused Assets to reduce memory usage. Loaded Objects now: 1017.
Total: 1.831970 ms (FindLiveObjects: 0.727441 ms CreateObjectMapping: 0.079465 ms MarkObjects: 0.923482 ms  DeleteObjects: 0.088702 ms)

Unloading 6 Unused Serialized files (Serialized files now loaded: 0)
UnloadTime: 0.292795 ms

Unloading 185 unused Assets to reduce memory usage. Loaded Objects now: 2018.
Total: 3.106220 ms (FindLiveObjects: 0.733660 ms CreateObjectMapping: 0.122870 ms MarkObjects: 1.262950 ms  DeleteObjects: 0.971693 ms)

Unloading 8 Unused Serialized files (Serialized files now loaded: 0)
UnloadTime: 28.273310 ms

Unloading 313 unused Assets to reduce memory usage. Loaded Objects now: 1166.
Total: 1.737587 ms (FindLiveObjects: 0.354795 ms CreateObjectMapping: 0.057515 ms MarkObjects: 0.464403 ms  DeleteObjects: 0.856564 ms)

Unloading 6 Unused Serialized files (Serialized files now loaded: 0)
UnloadTime: 1.566272 ms

Unloading 41 unused Assets to reduce memory usage. Loaded Objects now: 2018.
Total: 1.178170 ms (FindLiveObjects: 0.572170 ms CreateObjectMapping: 0.075341 ms MarkObjects: 0.419582 ms  DeleteObjects: 0.107913 ms)

Unloading 8 Unused Serialized files (Serialized files now loaded: 0)
UnloadTime: 26.786283 ms

Unloading 313 unused Assets to reduce memory usage. Loaded Objects now: 1167.
Total: 1.166573 ms (FindLiveObjects: 0.296827 ms CreateObjectMapping: 0.037616 ms MarkObjects: 0.248608 ms  DeleteObjects: 0.579838 ms)

Unloading 4 Unused Serialized files (Serialized files now loaded: 0)
UnloadTime: 1.057305 ms

Unloading 64 unused Assets to reduce memory usage. Loaded Objects now: 1548.
Total: 1.047122 ms (FindLiveObjects: 0.408418 ms CreateObjectMapping: 0.051899 ms MarkObjects: 0.424794 ms  DeleteObjects: 0.158294 ms)

Unloading 6 Unused Serialized files (Serialized files now loaded: 0)
UnloadTime: 0.986898 ms

Unloading 235 unused Assets to reduce memory usage. Loaded Objects now: 2019.
Total: 1.680188 ms (FindLiveObjects: 0.533130 ms CreateObjectMapping: 0.085893 ms MarkObjects: 0.654314 ms  DeleteObjects: 0.402911 ms)

Unloading 6 Unused Serialized files (Serialized files now loaded: 0)
UnloadTime: 46.137629 ms

Unloading 374 unused Assets to reduce memory usage. Loaded Objects now: 759.
Total: 1.645870 ms (FindLiveObjects: 0.356505 ms CreateObjectMapping: 0.049915 ms MarkObjects: 0.250450 ms  DeleteObjects: 0.985536 ms)

Unloading 6 Unused Serialized files (Serialized files now loaded: 0)
UnloadTime: 0.326878 ms

Unloading 9 unused Assets to reduce memory usage. Loaded Objects now: 2016.
Total: 1.318954 ms (FindLiveObjects: 0.586651 ms CreateObjectMapping: 0.064723 ms MarkObjects: 0.621530 ms  DeleteObjects: 0.042547 ms)

Unloading 6 Unused Serialized files (Serialized files now loaded: 0)
UnloadTime: 29.712872 ms

Unloading 371 unused Assets to reduce memory usage. Loaded Objects now: 759.
Total: 2.009866 ms (FindLiveObjects: 0.482664 ms CreateObjectMapping: 0.069047 ms MarkObjects: 0.366121 ms  DeleteObjects: 1.087813 ms)

Unloading 6 Unused Serialized files (Serialized files now loaded: 0)
UnloadTime: 0.998793 ms

Unloading 9 unused Assets to reduce memory usage. Loaded Objects now: 2016.
Total: 0.989853 ms (FindLiveObjects: 0.359040 ms CreateObjectMapping: 0.056457 ms MarkObjects: 0.511395 ms  DeleteObjects: 0.059882 ms)

Unloading 4 Unused Serialized files (Serialized files now loaded: 0)
UnloadTime: 50.220481 ms

Unloading 326 unused Assets to reduce memory usage. Loaded Objects now: 1548.
Total: 1.328170 ms (FindLiveObjects: 0.286542 ms CreateObjectMapping: 0.162144 ms MarkObjects: 0.344621 ms  DeleteObjects: 0.531686 ms)

Unloading 6 Unused Serialized files (Serialized files now loaded: 0)
UnloadTime: 2.256487 ms

Unloading 247 unused Assets to reduce memory usage. Loaded Objects now: 1665.
Total: 1.211573 ms (FindLiveObjects: 0.372992 ms CreateObjectMapping: 0.091556 ms MarkObjects: 0.388546 ms  DeleteObjects: 0.353805 ms)

Unloading 6 Unused Serialized files (Serialized files now loaded: 0)
UnloadTime: 0.873644 ms

Unloading 87 unused Assets to reduce memory usage. Loaded Objects now: 2018.
Total: 1.092021 ms (FindLiveObjects: 0.415102 ms CreateObjectMapping: 0.054647 ms MarkObjects: 0.480158 ms  DeleteObjects: 0.138683 ms)

Unloading 6 Unused Serialized files (Serialized files now loaded: 0)
UnloadTime: 45.115037 ms

Unloading 337 unused Assets to reduce memory usage. Loaded Objects now: 1088.
Total: 1.575283 ms (FindLiveObjects: 0.308030 ms CreateObjectMapping: 0.038517 ms MarkObjects: 0.382418 ms  DeleteObjects: 0.842948 ms)

Unloading 7 Unused Serialized files (Serialized files now loaded: 0)
UnloadTime: 0.964827 ms

Unloading 7 unused Assets to reduce memory usage. Loaded Objects now: 1017.
Total: 1.635671 ms (FindLiveObjects: 0.522895 ms CreateObjectMapping: 0.079042 ms MarkObjects: 0.921936 ms  DeleteObjects: 0.098417 ms)

Unloading 6 Unused Serialized files (Serialized files now loaded: 0)
UnloadTime: 0.404009 ms

Unloading 185 unused Assets to reduce memory usage. Loaded Objects now: 2018.
Total: 1.460592 ms (FindLiveObjects: 0.514828 ms CreateObjectMapping: 0.060090 ms MarkObjects: 0.608159 ms  DeleteObjects: 0.272815 ms)

Unloading 6 Unused Serialized files (Serialized files now loaded: 0)
UnloadTime: 52.420849 ms

Unloading 337 unused Assets to reduce memory usage. Loaded Objects now: 1088.
Total: 1.455833 ms (FindLiveObjects: 0.276814 ms CreateObjectMapping: 0.037763 ms MarkObjects: 0.376850 ms  DeleteObjects: 0.761083 ms)

Unloading 7 Unused Serialized files (Serialized files now loaded: 0)
UnloadTime: 0.887668 ms

Unloading 7 unused Assets to reduce memory usage. Loaded Objects now: 1017.
Total: 1.375527 ms (FindLiveObjects: 0.550262 ms CreateObjectMapping: 0.080213 ms MarkObjects: 0.641946 ms  DeleteObjects: 0.086127 ms)

Unloading 6 Unused Serialized files (Serialized files now loaded: 0)
UnloadTime: 0.772541 ms

Unloading 185 unused Assets to reduce memory usage. Loaded Objects now: 2018.
Total: 3.135743 ms (FindLiveObjects: 0.676247 ms CreateObjectMapping: 0.139106 ms MarkObjects: 1.526432 ms  DeleteObjects: 0.780344 ms)

Unloading 6 Unused Serialized files (Serialized files now loaded: 0)
UnloadTime: 51.129790 ms

Unloading 337 unused Assets to reduce memory usage. Loaded Objects now: 1088.
Total: 1.503743 ms (FindLiveObjects: 0.285383 ms CreateObjectMapping: 0.040724 ms MarkObjects: 0.372628 ms  DeleteObjects: 0.801167 ms)

Unloading 7 Unused Serialized files (Serialized files now loaded: 0)
UnloadTime: 0.883444 ms

Unloading 7 unused Assets to reduce memory usage. Loaded Objects now: 1017.
Total: 1.728998 ms (FindLiveObjects: 0.573012 ms CreateObjectMapping: 0.136881 ms MarkObjects: 0.920458 ms  DeleteObjects: 0.086167 ms)

Unloading 5 Unused Serialized files (Serialized files now loaded: 0)
UnloadTime: 0.777184 ms

Unloading 218 unused Assets to reduce memory usage. Loaded Objects now: 734.
Total: 2.457888 ms (FindLiveObjects: 0.449298 ms CreateObjectMapping: 0.074683 ms MarkObjects: 0.823978 ms  DeleteObjects: 1.097680 ms)

Unloading 3 Unused Serialized files (Serialized files now loaded: 0)
UnloadTime: 0.637228 ms

Unloading 14 unused Assets to reduce memory usage. Loaded Objects now: 809.
Total: 1.781978 ms (FindLiveObjects: 0.614356 ms CreateObjectMapping: 0.093902 ms MarkObjects: 0.853461 ms  DeleteObjects: 0.206920 ms)

Unloading 5 Unused Serialized files (Serialized files now loaded: 0)
UnloadTime: 0.700118 ms

Unloading 68 unused Assets to reduce memory usage. Loaded Objects now: 1053.
Total: 1.159755 ms (FindLiveObjects: 0.320428 ms CreateObjectMapping: 0.040559 ms MarkObjects: 0.536972 ms  DeleteObjects: 0.255339 ms)

Unloading 7 Unused Serialized files (Serialized files now loaded: 0)
UnloadTime: 1.227344 ms

Unloading 75 unused Assets to reduce memory usage. Loaded Objects now: 2017.
Total: 2.277899 ms (FindLiveObjects: 0.597863 ms CreateObjectMapping: 0.112322 ms MarkObjects: 1.125654 ms  DeleteObjects: 0.430713 ms)

Unloading 6 Unused Serialized files (Serialized files now loaded: 0)
UnloadTime: 48.931149 ms

Unloading 335 unused Assets to reduce memory usage. Loaded Objects now: 1665.
Total: 1.603328 ms (FindLiveObjects: 0.381311 ms CreateObjectMapping: 0.075184 ms MarkObjects: 0.449552 ms  DeleteObjects: 0.693454 ms)

Unloading 6 Unused Serialized files (Serialized files now loaded: 0)
UnloadTime: 2.791939 ms

Unloading 87 unused Assets to reduce memory usage. Loaded Objects now: 2018.
Total: 1.117990 ms (FindLiveObjects: 0.417193 ms CreateObjectMapping: 0.049394 ms MarkObjects: 0.513094 ms  DeleteObjects: 0.135198 ms)

Unloading 6 Unused Serialized files (Serialized files now loaded: 0)
UnloadTime: 48.310128 ms

Unloading 334 unused Assets to reduce memory usage. Loaded Objects now: 1665.
Total: 1.579669 ms (FindLiveObjects: 0.397142 ms CreateObjectMapping: 0.081066 ms MarkObjects: 0.379757 ms  DeleteObjects: 0.717460 ms)

Unloading 4 Unused Serialized files (Serialized files now loaded: 0)
UnloadTime: 2.485965 ms

Unloading 90 unused Assets to reduce memory usage. Loaded Objects now: 1536.
Total: 1.008096 ms (FindLiveObjects: 0.356438 ms CreateObjectMapping: 0.062958 ms MarkObjects: 0.407205 ms  DeleteObjects: 0.177441 ms)

Unloading 8 Unused Serialized files (Serialized files now loaded: 0)
UnloadTime: 1.881020 ms

Unloading 246 unused Assets to reduce memory usage. Loaded Objects now: 1168.
Total: 1.764274 ms (FindLiveObjects: 0.350168 ms CreateObjectMapping: 0.061726 ms MarkObjects: 0.615421 ms  DeleteObjects: 0.730089 ms)

Unloading 6 Unused Serialized files (Serialized files now loaded: 0)
UnloadTime: 0.602460 ms

Unloading 41 unused Assets to reduce memory usage. Loaded Objects now: 2018.
Total: 1.124444 ms (FindLiveObjects: 0.451472 ms CreateObjectMapping: 0.039620 ms MarkObjects: 0.505113 ms  DeleteObjects: 0.125066 ms)

Unloading 6 Unused Serialized files (Serialized files now loaded: 0)
UnloadTime: 47.882478 ms

Unloading 336 unused Assets to reduce memory usage. Loaded Objects now: 1082.
Total: 3.657699 ms (FindLiveObjects: 0.505960 ms CreateObjectMapping: 0.106544 ms MarkObjects: 0.836397 ms  DeleteObjects: 2.197453 ms)

Unloading 7 Unused Serialized files (Serialized files now loaded: 0)
UnloadTime: 1.150356 ms

Unloading 7 unused Assets to reduce memory usage. Loaded Objects now: 1017.
Total: 1.820149 ms (FindLiveObjects: 0.716400 ms CreateObjectMapping: 0.083485 ms MarkObjects: 0.807415 ms  DeleteObjects: 0.197880 ms)

Unloading 6 Unused Serialized files (Serialized files now loaded: 0)
UnloadTime: 0.309175 ms

Unloading 185 unused Assets to reduce memory usage. Loaded Objects now: 2018.
Total: 1.387595 ms (FindLiveObjects: 0.492272 ms CreateObjectMapping: 0.067886 ms MarkObjects: 0.573939 ms  DeleteObjects: 0.245785 ms)

Unloading 6 Unused Serialized files (Serialized files now loaded: 0)
UnloadTime: 46.055555 ms

Unloading 337 unused Assets to reduce memory usage. Loaded Objects now: 1088.
Total: 3.775277 ms (FindLiveObjects: 0.650127 ms CreateObjectMapping: 0.098533 ms MarkObjects: 0.754023 ms  DeleteObjects: 2.259884 ms)

Unloading 7 Unused Serialized files (Serialized files now loaded: 0)
UnloadTime: 1.011402 ms

Unloading 7 unused Assets to reduce memory usage. Loaded Objects now: 1017.
Total: 1.624322 ms (FindLiveObjects: 0.604177 ms CreateObjectMapping: 0.081298 ms MarkObjects: 0.822691 ms  DeleteObjects: 0.101626 ms)

Unloading 6 Unused Serialized files (Serialized files now loaded: 0)
UnloadTime: 0.328302 ms

Unloading 185 unused Assets to reduce memory usage. Loaded Objects now: 2018.
Total: 3.127825 ms (FindLiveObjects: 0.810015 ms CreateObjectMapping: 0.167155 ms MarkObjects: 1.262477 ms  DeleteObjects: 0.874992 ms)

Unloading 6 Unused Serialized files (Serialized files now loaded: 0)
UnloadTime: 28.338676 ms

Unloading 337 unused Assets to reduce memory usage. Loaded Objects now: 1088.
Total: 1.398359 ms (FindLiveObjects: 0.324047 ms CreateObjectMapping: 0.042105 ms MarkObjects: 0.381814 ms  DeleteObjects: 0.646784 ms)

Unloading 7 Unused Serialized files (Serialized files now loaded: 0)
UnloadTime: 0.950674 ms

Unloading 7 unused Assets to reduce memory usage. Loaded Objects now: 1017.
Total: 1.458314 ms (FindLiveObjects: 0.542952 ms CreateObjectMapping: 0.082617 ms MarkObjects: 0.698898 ms  DeleteObjects: 0.121209 ms)

Unloading 6 Unused Serialized files (Serialized files now loaded: 0)
UnloadTime: 0.325662 ms

Unloading 185 unused Assets to reduce memory usage. Loaded Objects now: 2018.
Total: 1.264702 ms (FindLiveObjects: 0.357345 ms CreateObjectMapping: 0.055392 ms MarkObjects: 0.519974 ms  DeleteObjects: 0.327997 ms)

Unloading 6 Unused Serialized files (Serialized files now loaded: 0)
UnloadTime: 48.852042 ms

Unloading 337 unused Assets to reduce memory usage. Loaded Objects now: 1088.
Total: 2.310250 ms (FindLiveObjects: 0.409881 ms CreateObjectMapping: 0.081143 ms MarkObjects: 0.511811 ms  DeleteObjects: 1.299739 ms)

Unloading 7 Unused Serialized files (Serialized files now loaded: 0)
UnloadTime: 1.075944 ms

Unloading 7 unused Assets to reduce memory usage. Loaded Objects now: 1017.
Total: 1.628092 ms (FindLiveObjects: 0.537079 ms CreateObjectMapping: 0.087454 ms MarkObjects: 0.882907 ms  DeleteObjects: 0.106838 ms)

Unloading 6 Unused Serialized files (Serialized files now loaded: 0)
UnloadTime: 0.315134 ms

Unloading 185 unused Assets to reduce memory usage. Loaded Objects now: 2018.
Total: 1.272125 ms (FindLiveObjects: 0.346170 ms CreateObjectMapping: 0.053605 ms MarkObjects: 0.578019 ms  DeleteObjects: 0.290029 ms)

Unloading 6 Unused Serialized files (Serialized files now loaded: 0)
UnloadTime: 38.358354 ms

Unloading 374 unused Assets to reduce memory usage. Loaded Objects now: 759.
Total: 1.655906 ms (FindLiveObjects: 0.376631 ms CreateObjectMapping: 0.046092 ms MarkObjects: 0.322453 ms  DeleteObjects: 0.907094 ms)

Unloading 6 Unused Serialized files (Serialized files now loaded: 0)
UnloadTime: 0.781579 ms

Unloading 9 unused Assets to reduce memory usage. Loaded Objects now: 2024.
Total: 1.034780 ms (FindLiveObjects: 0.380874 ms CreateObjectMapping: 0.057999 ms MarkObjects: 0.557011 ms  DeleteObjects: 0.035496 ms)

Unloading 6 Unused Serialized files (Serialized files now loaded: 0)
UnloadTime: 46.540528 ms

Unloading 374 unused Assets to reduce memory usage. Loaded Objects now: 865.
Total: 1.571073 ms (FindLiveObjects: 0.371674 ms CreateObjectMapping: 0.045206 ms MarkObjects: 0.202876 ms  DeleteObjects: 0.947212 ms)

Unloading 6 Unused Serialized files (Serialized files now loaded: 0)
UnloadTime: 0.414532 ms

Unloading 15 unused Assets to reduce memory usage. Loaded Objects now: 2016.
Total: 0.782961 ms (FindLiveObjects: 0.280609 ms CreateObjectMapping: 0.035589 ms MarkObjects: 0.426788 ms  DeleteObjects: 0.036829 ms)

Unloading 6 Unused Serialized files (Serialized files now loaded: 0)
UnloadTime: 52.491693 ms

Unloading 335 unused Assets to reduce memory usage. Loaded Objects now: 1665.
Total: 1.305840 ms (FindLiveObjects: 0.314702 ms CreateObjectMapping: 0.055201 ms MarkObjects: 0.323077 ms  DeleteObjects: 0.609312 ms)

Unloading 4 Unused Serialized files (Serialized files now loaded: 0)
UnloadTime: 2.396223 ms

Unloading 90 unused Assets to reduce memory usage. Loaded Objects now: 1536.
Total: 1.079024 ms (FindLiveObjects: 0.424152 ms CreateObjectMapping: 0.058582 ms MarkObjects: 0.379536 ms  DeleteObjects: 0.212864 ms)

Unloading 8 Unused Serialized files (Serialized files now loaded: 0)
UnloadTime: 1.887251 ms

Unloading 246 unused Assets to reduce memory usage. Loaded Objects now: 1168.
Total: 1.257787 ms (FindLiveObjects: 0.343718 ms CreateObjectMapping: 0.050821 ms MarkObjects: 0.343634 ms  DeleteObjects: 0.513361 ms)

Unloading 6 Unused Serialized files (Serialized files now loaded: 0)
UnloadTime: 1.695250 ms

Unloading 65 unused Assets to reduce memory usage. Loaded Objects now: 1665.
Total: 1.526316 ms (FindLiveObjects: 0.480225 ms CreateObjectMapping: 0.073177 ms MarkObjects: 0.698846 ms  DeleteObjects: 0.264839 ms)

Unloading 4 Unused Serialized files (Serialized files now loaded: 0)
UnloadTime: 2.282869 ms

Unloading 90 unused Assets to reduce memory usage. Loaded Objects now: 1544.
Total: 0.944442 ms (FindLiveObjects: 0.322145 ms CreateObjectMapping: 0.053237 ms MarkObjects: 0.367002 ms  DeleteObjects: 0.198510 ms)

Unloading 6 Unused Serialized files (Serialized files now loaded: 0)
UnloadTime: 0.664671 ms

Unloading 235 unused Assets to reduce memory usage. Loaded Objects now: 2019.
Total: 1.561215 ms (FindLiveObjects: 0.624205 ms CreateObjectMapping: 0.058513 ms MarkObjects: 0.505794 ms  DeleteObjects: 0.368735 ms)

Unloading 6 Unused Serialized files (Serialized files now loaded: 0)
UnloadTime: 51.013185 ms

Unloading 337 unused Assets to reduce memory usage. Loaded Objects now: 1088.
Total: 1.402993 ms (FindLiveObjects: 0.282161 ms CreateObjectMapping: 0.042826 ms MarkObjects: 0.396580 ms  DeleteObjects: 0.677530 ms)

Unloading 7 Unused Serialized files (Serialized files now loaded: 0)
UnloadTime: 0.977650 ms

Unloading 7 unused Assets to reduce memory usage. Loaded Objects now: 1017.
Total: 1.787867 ms (FindLiveObjects: 0.752507 ms CreateObjectMapping: 0.102243 ms MarkObjects: 0.817277 ms  DeleteObjects: 0.101693 ms)

Unloading 6 Unused Serialized files (Serialized files now loaded: 0)
UnloadTime: 0.400079 ms

Unloading 185 unused Assets to reduce memory usage. Loaded Objects now: 2018.
Total: 2.723838 ms (FindLiveObjects: 0.675231 ms CreateObjectMapping: 0.118384 ms MarkObjects: 1.029372 ms  DeleteObjects: 0.887600 ms)

Unloading 6 Unused Serialized files (Serialized files now loaded: 0)
UnloadTime: 46.161136 ms

Unloading 337 unused Assets to reduce memory usage. Loaded Objects now: 1088.
Total: 1.467033 ms (FindLiveObjects: 0.288397 ms CreateObjectMapping: 0.040470 ms MarkObjects: 0.325494 ms  DeleteObjects: 0.809367 ms)

Unloading 7 Unused Serialized files (Serialized files now loaded: 0)
UnloadTime: 0.932730 ms

Unloading 7 unused Assets to reduce memory usage. Loaded Objects now: 1017.
Total: 1.342625 ms (FindLiveObjects: 0.457733 ms CreateObjectMapping: 0.070417 ms MarkObjects: 0.722945 ms  DeleteObjects: 0.079745 ms)

Unloading 6 Unused Serialized files (Serialized files now loaded: 0)
UnloadTime: 0.319929 ms

Unloading 185 unused Assets to reduce memory usage. Loaded Objects now: 2018.
Total: 1.320088 ms (FindLiveObjects: 0.363062 ms CreateObjectMapping: 0.058943 ms MarkObjects: 0.607734 ms  DeleteObjects: 0.285777 ms)

Unloading 6 Unused Serialized files (Serialized files now loaded: 0)
UnloadTime: 54.513118 ms

Unloading 335 unused Assets to reduce memory usage. Loaded Objects now: 1082.
Total: 1.274679 ms (FindLiveObjects: 0.271572 ms CreateObjectMapping: 0.041311 ms MarkObjects: 0.380423 ms  DeleteObjects: 0.577959 ms)

Unloading 7 Unused Serialized files (Serialized files now loaded: 0)
UnloadTime: 0.968941 ms

Unloading 7 unused Assets to reduce memory usage. Loaded Objects now: 1017.
Total: 1.548508 ms (FindLiveObjects: 0.655753 ms CreateObjectMapping: 0.086341 ms MarkObjects: 0.700544 ms  DeleteObjects: 0.093058 ms)

Unloading 6 Unused Serialized files (Serialized files now loaded: 0)
UnloadTime: 0.880809 ms

Unloading 185 unused Assets to reduce memory usage. Loaded Objects now: 2018.
Total: 3.188885 ms (FindLiveObjects: 0.761420 ms CreateObjectMapping: 0.120929 ms MarkObjects: 1.052655 ms  DeleteObjects: 1.240077 ms)

Unloading 7 Unused Serialized files (Serialized files now loaded: 0)
UnloadTime: 50.926161 ms

Unloading 341 unused Assets to reduce memory usage. Loaded Objects now: 1017.
Total: 3.350447 ms (FindLiveObjects: 0.470912 ms CreateObjectMapping: 0.204092 ms MarkObjects: 0.922300 ms  DeleteObjects: 1.748719 ms)

Unloading 6 Unused Serialized files (Serialized files now loaded: 0)
UnloadTime: 0.310415 ms

Unloading 185 unused Assets to reduce memory usage. Loaded Objects now: 2018.
Total: 1.193196 ms (FindLiveObjects: 0.320480 ms CreateObjectMapping: 0.050510 ms MarkObjects: 0.574598 ms  DeleteObjects: 0.243945 ms)

Unloading 7 Unused Serialized files (Serialized files now loaded: 0)
UnloadTime: 44.218180 ms

Unloading 339 unused Assets to reduce memory usage. Loaded Objects now: 1017.
Total: 1.444736 ms (FindLiveObjects: 0.266344 ms CreateObjectMapping: 0.040720 ms MarkObjects: 0.384542 ms  DeleteObjects: 0.749867 ms)

Unloading 6 Unused Serialized files (Serialized files now loaded: 0)
UnloadTime: 0.557379 ms

Unloading 185 unused Assets to reduce memory usage. Loaded Objects now: 2018.
Total: 2.190335 ms (FindLiveObjects: 0.577491 ms CreateObjectMapping: 0.124051 ms MarkObjects: 0.945054 ms  DeleteObjects: 0.534733 ms)

Unloading 7 Unused Serialized files (Serialized files now loaded: 0)
UnloadTime: 50.187117 ms

Unloading 341 unused Assets to reduce memory usage. Loaded Objects now: 1017.
Total: 1.704923 ms (FindLiveObjects: 0.275576 ms CreateObjectMapping: 0.042028 ms MarkObjects: 0.437335 ms  DeleteObjects: 0.945962 ms)

Unloading 6 Unused Serialized files (Serialized files now loaded: 0)
UnloadTime: 0.401922 ms

Unloading 185 unused Assets to reduce memory usage. Loaded Objects now: 2018.
Total: 1.277687 ms (FindLiveObjects: 0.373407 ms CreateObjectMapping: 0.042645 ms MarkObjects: 0.589961 ms  DeleteObjects: 0.266897 ms)

Unloading 7 Unused Serialized files (Serialized files now loaded: 0)
UnloadTime: 43.772472 ms

Unloading 341 unused Assets to reduce memory usage. Loaded Objects now: 1017.
Total: 2.601296 ms (FindLiveObjects: 0.413319 ms CreateObjectMapping: 0.071210 ms MarkObjects: 0.592743 ms  DeleteObjects: 1.515583 ms)

Unloading 6 Unused Serialized files (Serialized files now loaded: 0)
UnloadTime: 0.844780 ms

Unloading 185 unused Assets to reduce memory usage. Loaded Objects now: 2018.
Total: 1.513922 ms (FindLiveObjects: 0.469238 ms CreateObjectMapping: 0.069116 ms MarkObjects: 0.626433 ms  DeleteObjects: 0.342930 ms)

Unloading 6 Unused Serialized files (Serialized files now loaded: 0)
UnloadTime: 50.485984 ms

Unloading 335 unused Assets to reduce memory usage. Loaded Objects now: 1082.
Total: 1.244437 ms (FindLiveObjects: 0.275585 ms CreateObjectMapping: 0.041703 ms MarkObjects: 0.330606 ms  DeleteObjects: 0.592809 ms)

Unloading 7 Unused Serialized files (Serialized files now loaded: 0)
UnloadTime: 0.959799 ms

Unloading 7 unused Assets to reduce memory usage. Loaded Objects now: 1017.
Total: 1.619266 ms (FindLiveObjects: 0.532037 ms CreateObjectMapping: 0.076363 ms MarkObjects: 0.900513 ms  DeleteObjects: 0.097584 ms)

Unloading 5 Unused Serialized files (Serialized files now loaded: 0)
UnloadTime: 0.781880 ms

Unloading 218 unused Assets to reduce memory usage. Loaded Objects now: 734.
Total: 2.149706 ms (FindLiveObjects: 0.525925 ms CreateObjectMapping: 0.076918 ms MarkObjects: 0.653238 ms  DeleteObjects: 0.880952 ms)

Unloading 3 Unused Serialized files (Serialized files now loaded: 0)
UnloadTime: 0.781666 ms

Unloading 14 unused Assets to reduce memory usage. Loaded Objects now: 809.
Total: 1.625411 ms (FindLiveObjects: 0.553941 ms CreateObjectMapping: 0.063459 ms MarkObjects: 0.829292 ms  DeleteObjects: 0.165307 ms)

Unloading 5 Unused Serialized files (Serialized files now loaded: 0)
UnloadTime: 0.377032 ms

Unloading 68 unused Assets to reduce memory usage. Loaded Objects now: 1052.
Total: 2.152763 ms (FindLiveObjects: 1.383709 ms CreateObjectMapping: 0.092910 ms MarkObjects: 0.508146 ms  DeleteObjects: 0.161545 ms)

Setting up 4 worker threads for Enlighten.
  Thread -> id: 7efdfd064700 -> priority: 1 
  Thread -> id: 7efdf6bf0700 -> priority: 1 
  Thread -> id: 7efdf6136700 -> priority: 1 
  Thread -> id: 7efdf5935700 -> priority: 1 
Preloaded type GtkListStore
Preloaded type GtkWindow
Preloaded type GtkVBox
Preloaded type GtkImage
Preloaded type GtkNotebook
Preloaded type GtkHBox
Preloaded type GtkFrame
Preloaded type GtkAlignment
Preloaded type GtkTreeView
Preloaded type GtkLabel
Preloaded type GtkCheckButton
Preloaded type GtkScrolledWindow
Preloaded type GtkComboBox
Couldn't find OnScreenSelectorQuit in main module; checking child
Couldn't find OnScreenSelectorOK in main module; checking child
Couldn't find OnScreenSelectorQuit in main module; checking child
Couldn't find OnInputListRowActivated in main module; checking child
Couldn't find OnSelectedDisplayChanged in main module; checking child
