Desktop is 1920 x 1080 @ 60 Hz
Initialize engine version: 2019.1.4f1 (ffa3a7a2dd7d)
GfxDevice: creating device client; threaded=1
Renderer: Mesa DRI Intel(R) UHD Graphics 620 (KBL GT2)
Vendor:   Intel Open Source Technology Center
Version:  4.6 (Core Profile) Mesa 21.0.3 - kisak-mesa PPA
GLES:     0
 GL_3DFX_texture_compression_FXT1 GL_AMD_conservative_depth GL_AMD_depth_clamp_separate GL_AMD_draw_buffers_blend GL_AMD_gpu_shader_int64 GL_AMD_multi_draw_indirect GL_AMD_query_buffer_object GL_AMD_seamless_cubemap_per_texture GL_AMD_shader_stencil_export GL_AMD_shader_trinary_minmax GL_AMD_texture_texture4 GL_AMD_vertex_shader_layer GL_AMD_vertex_shader_viewport_index GL_ANGLE_texture_compression_dxt3 GL_ANGLE_texture_compression_dxt5 GL_APPLE_object_purgeable GL_ARB_ES2_compatibility GL_ARB_ES3_1_compatibility GL_ARB_ES3_2_compatibility GL_ARB_ES3_compatibility GL_ARB_arrays_of_arrays GL_ARB_base_instance GL_ARB_blend_func_extended GL_ARB_buffer_storage GL_ARB_clear_buffer_object GL_ARB_clear_texture GL_ARB_clip_control GL_ARB_compressed_texture_pixel_storage GL_ARB_compute_shader GL_ARB_compute_variable_group_size GL_ARB_conditional_render_inverted GL_ARB_conservative_depth GL_ARB_copy_buffer GL_ARB_copy_image GL_ARB_cull_distance GL_ARB_debug_output GL_ARB_depth_buffer_float GL_ARB_depth_clamp GL_ARB_de
rivative_control GL_ARB_direct_state_access GL_ARB_draw_buffers GL_ARB_draw_buffers_blend GL_ARB_draw_elements_base_vertex GL_ARB_draw_indirect GL_ARB_draw_instanced GL_ARB_enhanced_layouts GL_ARB_explicit_attrib_location GL_ARB_explicit_uniform_location GL_ARB_fragment_coord_conventions GL_ARB_fragment_layer_viewport GL_ARB_fragment_shader GL_ARB_fragment_shader_interlock GL_ARB_framebuffer_no_attachments GL_ARB_framebuffer_object GL_ARB_framebuffer_sRGB GL_ARB_get_program_binary GL_ARB_get_texture_sub_image GL_ARB_gl_spirv GL_ARB_gpu_shader5 GL_ARB_gpu_shader_fp64 GL_ARB_gpu_shader_int64 GL_ARB_half_float_pixel GL_ARB_half_float_vertex GL_ARB_indirect_parameters GL_ARB_instanced_arrays GL_ARB_internalformat_query GL_ARB_internalformat_query2 GL_ARB_invalidate_subdata GL_ARB_map_buffer_alignment GL_ARB_map_buffer_range GL_ARB_multi_bind GL_ARB_multi_draw_indirect GL_ARB_occlusion_query2 GL_ARB_parallel_shader_compile GL_ARB_pipeline_statistics_query GL_ARB_pixel_buffer_object GL_ARB_point_sprite GL_ARB_poly
gon_offset_clamp GL_ARB_post_depth_coverage GL_ARB_program_interface_query GL_ARB_provoking_vertex GL_ARB_query_buffer_object GL_ARB_robust_buffer_access_behavior GL_ARB_robustness GL_ARB_sample_shading GL_ARB_sampler_objects GL_ARB_seamless_cube_map GL_ARB_seamless_cubemap_per_texture GL_ARB_separate_shader_objects GL_ARB_shader_atomic_counter_ops GL_ARB_shader_atomic_counters GL_ARB_shader_ballot GL_ARB_shader_bit_encoding GL_ARB_shader_clock GL_ARB_shader_draw_parameters GL_ARB_shader_group_vote GL_ARB_shader_image_load_store GL_ARB_shader_image_size GL_ARB_shader_objects GL_ARB_shader_precision GL_ARB_shader_stencil_export GL_ARB_shader_storage_buffer_object GL_ARB_shader_subroutine GL_ARB_shader_texture_image_samples GL_ARB_shader_texture_lod GL_ARB_shader_viewport_layer_array GL_ARB_shading_language_420pack GL_ARB_shading_language_include GL_ARB_shading_language_packing GL_ARB_spirv_extensions GL_ARB_stencil_texturing GL_ARB_sync GL_ARB_tessellation_shader GL_ARB_texture_barrier GL_ARB_texture_buffer_o
bject GL_ARB_texture_buffer_object_rgb32 GL_ARB_texture_buffer_range GL_ARB_texture_compression_bptc GL_ARB_texture_compression_rgtc GL_ARB_texture_cube_map_array GL_ARB_texture_filter_anisotropic GL_ARB_texture_float GL_ARB_texture_gather GL_ARB_texture_mirror_clamp_to_edge GL_ARB_texture_multisample GL_ARB_texture_non_power_of_two GL_ARB_texture_query_levels GL_ARB_texture_query_lod GL_ARB_texture_rectangle GL_ARB_texture_rg GL_ARB_texture_rgb10_a2ui GL_ARB_texture_stencil8 GL_ARB_texture_storage GL_ARB_texture_storage_multisample GL_ARB_texture_swizzle GL_ARB_texture_view GL_ARB_timer_query GL_ARB_transform_feedback2 GL_ARB_transform_feedback3 GL_ARB_transform_feedback_instanced GL_ARB_transform_feedback_overflow_query GL_ARB_uniform_buffer_object GL_ARB_vertex_array_bgra GL_ARB_vertex_array_object GL_ARB_vertex_attrib_64bit GL_ARB_vertex_attrib_binding GL_ARB_vertex_buffer_object GL_ARB_vertex_shader GL_ARB_vertex_type_10f_11f_11f_rev GL_ARB_vertex_type_2_10_10_10_rev GL_ARB_viewport_array GL_ATI_blend_e
quation_separate GL_ATI_texture_float GL_EXT_EGL_image_storage GL_EXT_EGL_sync GL_EXT_abgr GL_EXT_blend_equation_separate GL_EXT_demote_to_helper_invocation GL_EXT_draw_buffers2 GL_EXT_draw_instanced GL_EXT_framebuffer_blit GL_EXT_framebuffer_multisample GL_EXT_framebuffer_multisample_blit_scaled GL_EXT_framebuffer_object GL_EXT_framebuffer_sRGB GL_EXT_packed_depth_stencil GL_EXT_packed_float GL_EXT_pixel_buffer_object GL_EXT_polygon_offset_clamp GL_EXT_provoking_vertex GL_EXT_shader_framebuffer_fetch GL_EXT_shader_framebuffer_fetch_non_coherent GL_EXT_shader_integer_mix GL_EXT_shader_samples_identical GL_EXT_texture_array GL_EXT_texture_compression_dxt1 GL_EXT_texture_compression_rgtc GL_EXT_texture_compression_s3tc GL_EXT_texture_filter_anisotropic GL_EXT_texture_integer GL_EXT_texture_sRGB GL_EXT_texture_sRGB_R8 GL_EXT_texture_sRGB_decode GL_EXT_texture_shadow_lod GL_EXT_texture_shared_exponent GL_EXT_texture_snorm GL_EXT_texture_swizzle GL_EXT_timer_query GL_EXT_transform_feedback GL_EXT_vertex_array_bgr
a GL_EXT_vertex_attrib_64bit GL_IBM_multimode_draw_arrays GL_INTEL_blackhole_render GL_INTEL_conservative_rasterization GL_INTEL_performance_query GL_INTEL_shader_atomic_float_minmax GL_INTEL_shader_integer_functions2 GL_KHR_blend_equation_advanced GL_KHR_blend_equation_advanced_coherent GL_KHR_context_flush_control GL_KHR_debug GL_KHR_no_error GL_KHR_parallel_shader_compile GL_KHR_robust_buffer_access_behavior GL_KHR_robustness GL_KHR_texture_compression_astc_ldr GL_KHR_texture_compression_astc_sliced_3d GL_MESA_framebuffer_flip_y GL_MESA_pack_invert GL_MESA_shader_integer_functions GL_MESA_texture_signed_rgba GL_NV_compute_shader_derivatives GL_NV_conditional_render GL_NV_depth_clamp GL_NV_fragment_shader_interlock GL_NV_packed_depth_stencil GL_NV_texture_barrier GL_OES_EGL_image GL_S3_s3tc
OPENGL LOG: Creating OpenGL 4.6 graphics device ; Context level  <OpenGL 4.5> ; Context handle 61905264
Begin MonoManager ReloadAssembly
- Completed reload, in  0.084 seconds
Default vsync count 1
requesting resize 1920 x 1080
Using native desktop resolution 1920 x 1080
requesting fullscreen 1920 x 1080 at 0 Hz
Desktop is 1920 x 1080 @ 60 Hz
UnloadTime: 1.331755 ms
0.5625
 
(Filename: ./Runtime/Export/Debug/Debug.bindings.h Line: 48)

Desktop is 1920 x 1080 @ 60 Hz
requesting resize 1920 x 1080
Using native desktop resolution 1920 x 1080
requesting fullscreen 1920 x 1080 at 0 Hz
Desktop is 1920 x 1080 @ 60 Hz
tapaction
 
(Filename: ./Runtime/Export/Debug/Debug.bindings.h Line: 48)

The referenced script on this Behaviour (Game Object 'TwitchPlays') is missing!
 
(Filename: ./Runtime/Mono/ManagedMonoBehaviourRef.cpp Line: 333)

The referenced script on this Behaviour (Game Object 'TwitchPlays') is missing!
 
(Filename: ./Runtime/Mono/ManagedMonoBehaviourRef.cpp Line: 333)

The referenced script on this Behaviour (Game Object 'homunculus') is missing!
 
(Filename: ./Runtime/Mono/ManagedMonoBehaviourRef.cpp Line: 333)

Unloading 6 Unused Serialized files (Serialized files now loaded: 0)
UnloadTime: 9.279748 ms
0.5625
 
(Filename: ./Runtime/Export/Debug/Debug.bindings.h Line: 48)

updating all
 
(Filename: ./Runtime/Export/Debug/Debug.bindings.h Line: 48)


Unloading 12 unused Assets to reduce memory usage. Loaded Objects now: 6137.
Total: 29.128188 ms (FindLiveObjects: 0.698997 ms CreateObjectMapping: 0.254846 ms MarkObjects: 27.857007 ms  DeleteObjects: 0.316675 ms)

Unloading 1 Unused Serialized files (Serialized files now loaded: 0)

Unloading 0 unused Assets to reduce memory usage. Loaded Objects now: 6137.
Total: 38.830614 ms (FindLiveObjects: 0.791070 ms CreateObjectMapping: 0.189968 ms MarkObjects: 37.833721 ms  DeleteObjects: 0.014885 ms)

Unloading 2 Unused Serialized files (Serialized files now loaded: 0)
UnloadTime: 7.175209 ms
0.5625
 
(Filename: ./Runtime/Export/Debug/Debug.bindings.h Line: 48)


Unloading 445 unused Assets to reduce memory usage. Loaded Objects now: 2366.
Total: 19.335734 ms (FindLiveObjects: 0.287202 ms CreateObjectMapping: 0.092461 ms MarkObjects: 18.370883 ms  DeleteObjects: 0.584550 ms)

The referenced script on this Behaviour (Game Object 'TwitchPlays') is missing!
 
(Filename: ./Runtime/Mono/ManagedMonoBehaviourRef.cpp Line: 333)

The referenced script on this Behaviour (Game Object 'homunculus') is missing!
 
(Filename: ./Runtime/Mono/ManagedMonoBehaviourRef.cpp Line: 333)

Unloading 4 Unused Serialized files (Serialized files now loaded: 0)
UnloadTime: 2.398605 ms
0.5625
 
(Filename: ./Runtime/Export/Debug/Debug.bindings.h Line: 48)


Unloading 10 unused Assets to reduce memory usage. Loaded Objects now: 6164.
Total: 24.275583 ms (FindLiveObjects: 0.579085 ms CreateObjectMapping: 0.196505 ms MarkObjects: 23.417526 ms  DeleteObjects: 0.081432 ms)

Unloading 1 Unused Serialized files (Serialized files now loaded: 0)

Unloading 0 unused Assets to reduce memory usage. Loaded Objects now: 6169.
Total: 66.484002 ms (FindLiveObjects: 3.246015 ms CreateObjectMapping: 0.803616 ms MarkObjects: 62.393820 ms  DeleteObjects: 0.038584 ms)

Unloading 1 Unused Serialized files (Serialized files now loaded: 0)

Unloading 0 unused Assets to reduce memory usage. Loaded Objects now: 6168.
Total: 82.613004 ms (FindLiveObjects: 2.850687 ms CreateObjectMapping: 1.517149 ms MarkObjects: 78.210256 ms  DeleteObjects: 0.030951 ms)

Unloading 1 Unused Serialized files (Serialized files now loaded: 0)

Unloading 0 unused Assets to reduce memory usage. Loaded Objects now: 6170.
Total: 44.381146 ms (FindLiveObjects: 1.305447 ms CreateObjectMapping: 0.341394 ms MarkObjects: 42.712992 ms  DeleteObjects: 0.020506 ms)

Unloading 1 Unused Serialized files (Serialized files now loaded: 0)

Unloading 0 unused Assets to reduce memory usage. Loaded Objects now: 6150.
Total: 54.012433 ms (FindLiveObjects: 3.474716 ms CreateObjectMapping: 0.510475 ms MarkObjects: 50.009085 ms  DeleteObjects: 0.016884 ms)

game act state interreign
 
(Filename: ./Runtime/Export/Debug/Debug.bindings.h Line: 48)

save objectives
 
(Filename: ./Runtime/Export/Debug/Debug.bindings.h Line: 48)

saving_reigns_done
 
(Filename: ./Runtime/Export/Debug/Debug.bindings.h Line: 48)

tapaction
 
(Filename: ./Runtime/Export/Debug/Debug.bindings.h Line: 48)

tapaction
 
(Filename: ./Runtime/Export/Debug/Debug.bindings.h Line: 48)

Uploading Crash Report
NullReferenceException
  at (wrapper managed-to-native) UnityEngine.AudioClip.get_length(UnityEngine.AudioClip)
  at JukeBox+<DoSpeak>d__67.MoveNext () [0x00317] in <bee4ad01538e40f7bcb2b1f643567943>:0 
  at UnityEngine.SetupCoroutine.InvokeMoveNext (System.Collections.IEnumerator enumerator, System.IntPtr returnValueAddress) [0x00027] in <d2fd8cf7f43840299e6737d9bc41ef3a>:0 
 
(Filename: <bee4ad01538e40f7bcb2b1f643567943> Line: 0)

Unloading 1 Unused Serialized files (Serialized files now loaded: 0)

Unloading 1 unused Assets to reduce memory usage. Loaded Objects now: 6215.
Total: 79.565866 ms (FindLiveObjects: 2.082275 ms CreateObjectMapping: 1.412639 ms MarkObjects: 76.038284 ms  DeleteObjects: 0.031390 ms)

Unloading 1 Unused Serialized files (Serialized files now loaded: 0)

Unloading 1 unused Assets to reduce memory usage. Loaded Objects now: 6214.
Total: 63.589494 ms (FindLiveObjects: 1.527634 ms CreateObjectMapping: 0.860019 ms MarkObjects: 61.158239 ms  DeleteObjects: 0.042586 ms)

Unloading 1 Unused Serialized files (Serialized files now loaded: 0)

Unloading 0 unused Assets to reduce memory usage. Loaded Objects now: 6213.
Total: 78.031476 ms (FindLiveObjects: 2.538851 ms CreateObjectMapping: 1.526164 ms MarkObjects: 73.947921 ms  DeleteObjects: 0.017042 ms)

NullReferenceException
  at (wrapper managed-to-native) UnityEngine.AudioClip.get_length(UnityEngine.AudioClip)
  at JukeBox+<DoSpeak>d__67.MoveNext () [0x00317] in <bee4ad01538e40f7bcb2b1f643567943>:0 
  at UnityEngine.SetupCoroutine.InvokeMoveNext (System.Collections.IEnumerator enumerator, System.IntPtr returnValueAddress) [0x00027] in <d2fd8cf7f43840299e6737d9bc41ef3a>:0 
 
(Filename: <bee4ad01538e40f7bcb2b1f643567943> Line: 0)

Unloading 1 Unused Serialized files (Serialized files now loaded: 0)

Unloading 1 unused Assets to reduce memory usage. Loaded Objects now: 6213.
Total: 66.560840 ms (FindLiveObjects: 2.160786 ms CreateObjectMapping: 1.240197 ms MarkObjects: 63.099928 ms  DeleteObjects: 0.058303 ms)

Unloading 1 Unused Serialized files (Serialized files now loaded: 0)

Unloading 3 unused Assets to reduce memory usage. Loaded Objects now: 6151.
Total: 62.780642 ms (FindLiveObjects: 4.804765 ms CreateObjectMapping: 1.531691 ms MarkObjects: 56.375160 ms  DeleteObjects: 0.065337 ms)

Unloading 0 Unused Serialized files (Serialized files now loaded: 0)

Unloading 0 unused Assets to reduce memory usage. Loaded Objects now: 6151.
Total: 46.703754 ms (FindLiveObjects: 2.080150 ms CreateObjectMapping: 0.982920 ms MarkObjects: 43.627181 ms  DeleteObjects: 0.012102 ms)

game act state interreign
 
(Filename: ./Runtime/Export/Debug/Debug.bindings.h Line: 48)

save objectives
 
(Filename: ./Runtime/Export/Debug/Debug.bindings.h Line: 48)

saving_reigns_done
 
(Filename: ./Runtime/Export/Debug/Debug.bindings.h Line: 48)

tapaction
 
(Filename: ./Runtime/Export/Debug/Debug.bindings.h Line: 48)

tapaction
 
(Filename: ./Runtime/Export/Debug/Debug.bindings.h Line: 48)

Unloading 1 Unused Serialized files (Serialized files now loaded: 0)

Unloading 1 unused Assets to reduce memory usage. Loaded Objects now: 6213.
Total: 49.024374 ms (FindLiveObjects: 2.625208 ms CreateObjectMapping: 0.629647 ms MarkObjects: 45.743218 ms  DeleteObjects: 0.024237 ms)

Unloading 1 Unused Serialized files (Serialized files now loaded: 0)

Unloading 0 unused Assets to reduce memory usage. Loaded Objects now: 6214.
Total: 65.620118 ms (FindLiveObjects: 1.698720 ms CreateObjectMapping: 1.075367 ms MarkObjects: 62.832076 ms  DeleteObjects: 0.012936 ms)

Unloading 1 Unused Serialized files (Serialized files now loaded: 0)

Unloading 0 unused Assets to reduce memory usage. Loaded Objects now: 6215.
Total: 58.798967 ms (FindLiveObjects: 4.717653 ms CreateObjectMapping: 1.515737 ms MarkObjects: 52.548380 ms  DeleteObjects: 0.015244 ms)

Unloading 1 Unused Serialized files (Serialized files now loaded: 0)

Unloading 0 unused Assets to reduce memory usage. Loaded Objects now: 6213.
Total: 87.385617 ms (FindLiveObjects: 1.999569 ms CreateObjectMapping: 1.143108 ms MarkObjects: 84.211083 ms  DeleteObjects: 0.029924 ms)

NullReferenceException
  at (wrapper managed-to-native) UnityEngine.AudioClip.get_length(UnityEngine.AudioClip)
  at JukeBox+<DoSpeak>d__67.MoveNext () [0x00317] in <bee4ad01538e40f7bcb2b1f643567943>:0 
  at UnityEngine.SetupCoroutine.InvokeMoveNext (System.Collections.IEnumerator enumerator, System.IntPtr returnValueAddress) [0x00027] in <d2fd8cf7f43840299e6737d9bc41ef3a>:0 
 
(Filename: <bee4ad01538e40f7bcb2b1f643567943> Line: 0)

NullReferenceException
  at (wrapper managed-to-native) UnityEngine.AudioClip.get_length(UnityEngine.AudioClip)
  at JukeBox+<DoSpeak>d__67.MoveNext () [0x00317] in <bee4ad01538e40f7bcb2b1f643567943>:0 
  at UnityEngine.SetupCoroutine.InvokeMoveNext (System.Collections.IEnumerator enumerator, System.IntPtr returnValueAddress) [0x00027] in <d2fd8cf7f43840299e6737d9bc41ef3a>:0 
 
(Filename: <bee4ad01538e40f7bcb2b1f643567943> Line: 0)

Unloading 1 Unused Serialized files (Serialized files now loaded: 0)

Unloading 0 unused Assets to reduce memory usage. Loaded Objects now: 6213.
Total: 79.918144 ms (FindLiveObjects: 2.351188 ms CreateObjectMapping: 1.507920 ms MarkObjects: 76.037017 ms  DeleteObjects: 0.020196 ms)

Unloading 1 Unused Serialized files (Serialized files now loaded: 0)

Unloading 3 unused Assets to reduce memory usage. Loaded Objects now: 6151.
Total: 56.406541 ms (FindLiveObjects: 2.818411 ms CreateObjectMapping: 0.652418 ms MarkObjects: 52.505772 ms  DeleteObjects: 0.428613 ms)

game act state interreign
 
(Filename: ./Runtime/Export/Debug/Debug.bindings.h Line: 48)

save objectives
 
(Filename: ./Runtime/Export/Debug/Debug.bindings.h Line: 48)

saving_reigns_done
 
(Filename: ./Runtime/Export/Debug/Debug.bindings.h Line: 48)

Unloading 0 Unused Serialized files (Serialized files now loaded: 0)

Unloading 0 unused Assets to reduce memory usage. Loaded Objects now: 6291.
Total: 60.052879 ms (FindLiveObjects: 3.112767 ms CreateObjectMapping: 1.042675 ms MarkObjects: 55.876664 ms  DeleteObjects: 0.014668 ms)

tapaction
 
(Filename: ./Runtime/Export/Debug/Debug.bindings.h Line: 48)

tapaction
 
(Filename: ./Runtime/Export/Debug/Debug.bindings.h Line: 48)

Unloading 1 Unused Serialized files (Serialized files now loaded: 0)

Unloading 0 unused Assets to reduce memory usage. Loaded Objects now: 6215.
Total: 72.578757 ms (FindLiveObjects: 1.717332 ms CreateObjectMapping: 1.157459 ms MarkObjects: 69.681947 ms  DeleteObjects: 0.020535 ms)

Unloading 1 Unused Serialized files (Serialized files now loaded: 0)

Unloading 4 unused Assets to reduce memory usage. Loaded Objects now: 6151.
Total: 60.589174 ms (FindLiveObjects: 2.502234 ms CreateObjectMapping: 0.564462 ms MarkObjects: 57.476177 ms  DeleteObjects: 0.045314 ms)

game act state interreign
 
(Filename: ./Runtime/Export/Debug/Debug.bindings.h Line: 48)

save objectives
 
(Filename: ./Runtime/Export/Debug/Debug.bindings.h Line: 48)

saving_reigns_done
 
(Filename: ./Runtime/Export/Debug/Debug.bindings.h Line: 48)

tapaction
 
(Filename: ./Runtime/Export/Debug/Debug.bindings.h Line: 48)

tapaction
 
(Filename: ./Runtime/Export/Debug/Debug.bindings.h Line: 48)

Unloading 1 Unused Serialized files (Serialized files now loaded: 0)

Unloading 0 unused Assets to reduce memory usage. Loaded Objects now: 6218.
Total: 76.534840 ms (FindLiveObjects: 2.531767 ms CreateObjectMapping: 0.579071 ms MarkObjects: 73.405635 ms  DeleteObjects: 0.016906 ms)

NullReferenceException
  at (wrapper managed-to-native) UnityEngine.AudioClip.get_length(UnityEngine.AudioClip)
  at JukeBox+<DoSpeak>d__67.MoveNext () [0x00317] in <bee4ad01538e40f7bcb2b1f643567943>:0 
  at UnityEngine.SetupCoroutine.InvokeMoveNext (System.Collections.IEnumerator enumerator, System.IntPtr returnValueAddress) [0x00027] in <d2fd8cf7f43840299e6737d9bc41ef3a>:0 
 
(Filename: <bee4ad01538e40f7bcb2b1f643567943> Line: 0)

Unloading 1 Unused Serialized files (Serialized files now loaded: 0)

Unloading 31 unused Assets to reduce memory usage. Loaded Objects now: 6220.
Total: 82.567213 ms (FindLiveObjects: 2.779950 ms CreateObjectMapping: 0.857830 ms MarkObjects: 78.776212 ms  DeleteObjects: 0.148915 ms)

Unloading 1 Unused Serialized files (Serialized files now loaded: 0)

Unloading 0 unused Assets to reduce memory usage. Loaded Objects now: 6220.
Total: 82.323990 ms (FindLiveObjects: 2.083556 ms CreateObjectMapping: 1.353959 ms MarkObjects: 78.865222 ms  DeleteObjects: 0.018218 ms)

Unloading 1 Unused Serialized files (Serialized files now loaded: 0)

Unloading 1 unused Assets to reduce memory usage. Loaded Objects now: 6309.
Total: 55.658792 ms (FindLiveObjects: 3.740871 ms CreateObjectMapping: 1.443721 ms MarkObjects: 50.411680 ms  DeleteObjects: 0.059393 ms)

Unloading 1 Unused Serialized files (Serialized files now loaded: 0)

Unloading 3 unused Assets to reduce memory usage. Loaded Objects now: 6226.
Total: 53.815237 ms (FindLiveObjects: 5.850613 ms CreateObjectMapping: 1.889021 ms MarkObjects: 46.035761 ms  DeleteObjects: 0.038679 ms)

Unloading 1 Unused Serialized files (Serialized files now loaded: 0)

Unloading 0 unused Assets to reduce memory usage. Loaded Objects now: 6227.
Total: 75.538675 ms (FindLiveObjects: 2.714434 ms CreateObjectMapping: 0.714677 ms MarkObjects: 72.093747 ms  DeleteObjects: 0.014655 ms)

Unloading 1 Unused Serialized files (Serialized files now loaded: 0)

Unloading 0 unused Assets to reduce memory usage. Loaded Objects now: 6227.
Total: 62.658884 ms (FindLiveObjects: 2.708240 ms CreateObjectMapping: 0.903491 ms MarkObjects: 59.005085 ms  DeleteObjects: 0.040487 ms)

Unloading 1 Unused Serialized files (Serialized files now loaded: 0)

Unloading 0 unused Assets to reduce memory usage. Loaded Objects now: 6229.
Total: 57.447905 ms (FindLiveObjects: 3.413339 ms CreateObjectMapping: 1.001703 ms MarkObjects: 53.019418 ms  DeleteObjects: 0.012327 ms)

Unloading 1 Unused Serialized files (Serialized files now loaded: 0)

Unloading 0 unused Assets to reduce memory usage. Loaded Objects now: 6228.
Total: 59.289830 ms (FindLiveObjects: 3.813600 ms CreateObjectMapping: 2.093915 ms MarkObjects: 53.359047 ms  DeleteObjects: 0.020889 ms)

Unloading 1 Unused Serialized files (Serialized files now loaded: 0)

Unloading 0 unused Assets to reduce memory usage. Loaded Objects now: 6226.
Total: 58.344610 ms (FindLiveObjects: 2.850401 ms CreateObjectMapping: 1.061980 ms MarkObjects: 54.411135 ms  DeleteObjects: 0.018945 ms)

Unloading 1 Unused Serialized files (Serialized files now loaded: 0)

Unloading 0 unused Assets to reduce memory usage. Loaded Objects now: 6227.
Total: 65.156185 ms (FindLiveObjects: 4.151516 ms CreateObjectMapping: 1.682156 ms MarkObjects: 59.296190 ms  DeleteObjects: 0.024601 ms)

Unloading 1 Unused Serialized files (Serialized files now loaded: 0)

Unloading 1 unused Assets to reduce memory usage. Loaded Objects now: 6227.
Total: 66.445517 ms (FindLiveObjects: 5.846399 ms CreateObjectMapping: 1.413365 ms MarkObjects: 59.138444 ms  DeleteObjects: 0.045743 ms)

Unloading 1 Unused Serialized files (Serialized files now loaded: 0)

Unloading 4 unused Assets to reduce memory usage. Loaded Objects now: 6162.
Total: 37.541836 ms (FindLiveObjects: 0.833537 ms CreateObjectMapping: 0.388704 ms MarkObjects: 36.261986 ms  DeleteObjects: 0.056277 ms)

steam achievement sent
 
(Filename: ./Runtime/Export/Debug/Debug.bindings.h Line: 48)

game act state interreign
 
(Filename: ./Runtime/Export/Debug/Debug.bindings.h Line: 48)

save objectives
 
(Filename: ./Runtime/Export/Debug/Debug.bindings.h Line: 48)

saving_reigns_done
 
(Filename: ./Runtime/Export/Debug/Debug.bindings.h Line: 48)

Unloading 1 Unused Serialized files (Serialized files now loaded: 0)

Unloading 0 unused Assets to reduce memory usage. Loaded Objects now: 6226.
Total: 66.674116 ms (FindLiveObjects: 4.686155 ms CreateObjectMapping: 1.975915 ms MarkObjects: 59.983624 ms  DeleteObjects: 0.026133 ms)

Unloading 1 Unused Serialized files (Serialized files now loaded: 0)

Unloading 0 unused Assets to reduce memory usage. Loaded Objects now: 6226.
Total: 70.738367 ms (FindLiveObjects: 5.711057 ms CreateObjectMapping: 1.459503 ms MarkObjects: 63.540452 ms  DeleteObjects: 0.025327 ms)

Unloading 1 Unused Serialized files (Serialized files now loaded: 0)

Unloading 0 unused Assets to reduce memory usage. Loaded Objects now: 6226.
Total: 63.968165 ms (FindLiveObjects: 5.489774 ms CreateObjectMapping: 2.249030 ms MarkObjects: 56.212825 ms  DeleteObjects: 0.014736 ms)

Unloading 1 Unused Serialized files (Serialized files now loaded: 0)

Unloading 4 unused Assets to reduce memory usage. Loaded Objects now: 6230.
Total: 51.673309 ms (FindLiveObjects: 3.261239 ms CreateObjectMapping: 1.458667 ms MarkObjects: 46.906132 ms  DeleteObjects: 0.046552 ms)

Unloading 1 Unused Serialized files (Serialized files now loaded: 0)

Unloading 0 unused Assets to reduce memory usage. Loaded Objects now: 6229.
Total: 54.757755 ms (FindLiveObjects: 7.038989 ms CreateObjectMapping: 2.449834 ms MarkObjects: 45.253909 ms  DeleteObjects: 0.012667 ms)

NullReferenceException
  at (wrapper managed-to-native) UnityEngine.AudioClip.get_length(UnityEngine.AudioClip)
  at JukeBox+<DoSpeak>d__67.MoveNext () [0x00317] in <bee4ad01538e40f7bcb2b1f643567943>:0 
  at UnityEngine.SetupCoroutine.InvokeMoveNext (System.Collections.IEnumerator enumerator, System.IntPtr returnValueAddress) [0x00027] in <d2fd8cf7f43840299e6737d9bc41ef3a>:0 
 
(Filename: <bee4ad01538e40f7bcb2b1f643567943> Line: 0)

Unloading 1 Unused Serialized files (Serialized files now loaded: 0)

Unloading 37 unused Assets to reduce memory usage. Loaded Objects now: 6165.
Total: 83.801665 ms (FindLiveObjects: 3.201185 ms CreateObjectMapping: 1.248733 ms MarkObjects: 79.195236 ms  DeleteObjects: 0.155269 ms)

Unloading 0 Unused Serialized files (Serialized files now loaded: 0)

Unloading 1 unused Assets to reduce memory usage. Loaded Objects now: 6164.
Total: 41.028562 ms (FindLiveObjects: 1.031858 ms CreateObjectMapping: 0.384750 ms MarkObjects: 39.568856 ms  DeleteObjects: 0.042107 ms)

game act state interreign
 
(Filename: ./Runtime/Export/Debug/Debug.bindings.h Line: 48)

save objectives
 
(Filename: ./Runtime/Export/Debug/Debug.bindings.h Line: 48)

saving_reigns_done
 
(Filename: ./Runtime/Export/Debug/Debug.bindings.h Line: 48)

Uploading Crash Report
Setting up 4 worker threads for Enlighten.
  Thread -> id: 7f76cd88d700 -> priority: 1 
  Thread -> id: 7f76a7674700 -> priority: 1 
  Thread -> id: 7f76a6e73700 -> priority: 1 
  Thread -> id: 7f76a6672700 -> priority: 1 
